2021-04-21 10:50:31.349  INFO 6384 --- [main] c.g.s.StaffManagementApplication         : Starting StaffManagementApplication using Java 15.0.1 on DESKTOP-GM8H9CQ with PID 6384 (C:\Users\Gaurav\Documents\CASE STUDY PERSONAL\CASE STUDY FINAL\staff-management\target\classes started by Gaurav in C:\Users\Gaurav\Documents\CASE STUDY PERSONAL\CASE STUDY FINAL\staff-management)
2021-04-21 10:50:31.355  INFO 6384 --- [main] c.g.s.StaffManagementApplication         : No active profile set, falling back to default profiles: default
2021-04-21 10:50:34.075  INFO 6384 --- [main] .s.d.r.c.RepositoryConfigurationDelegate : Bootstrapping Spring Data MongoDB repositories in DEFAULT mode.
2021-04-21 10:50:34.624  INFO 6384 --- [main] .s.d.r.c.RepositoryConfigurationDelegate : Finished Spring Data repository scanning in 499 ms. Found 1 MongoDB repository interfaces.
2021-04-21 10:50:35.123  INFO 6384 --- [main] o.s.cloud.context.scope.GenericScope     : BeanFactory id=101fd566-ccd2-35f3-be06-487ad0b0853f
2021-04-21 10:50:37.188  INFO 6384 --- [main] o.s.b.w.embedded.tomcat.TomcatWebServer  : Tomcat initialized with port(s): 3333 (http)
2021-04-21 10:50:37.206  INFO 6384 --- [main] o.apache.catalina.core.StandardService   : Starting service [Tomcat]
2021-04-21 10:50:37.207  INFO 6384 --- [main] org.apache.catalina.core.StandardEngine  : Starting Servlet engine: [Apache Tomcat/9.0.43]
2021-04-21 10:50:37.754  INFO 6384 --- [main] o.a.c.c.C.[Tomcat].[localhost].[/]       : Initializing Spring embedded WebApplicationContext
2021-04-21 10:50:37.754  INFO 6384 --- [main] w.s.c.ServletWebServerApplicationContext : Root WebApplicationContext: initialization completed in 6241 ms
2021-04-21 10:50:38.837  INFO 6384 --- [main] org.mongodb.driver.cluster               : Cluster created with settings {hosts=[127.0.0.1:27017], srvHost=test.jz6qs.mongodb.net, mode=MULTIPLE, requiredClusterType=REPLICA_SET, serverSelectionTimeout='30000 ms', requiredReplicaSetName='atlas-6v8jze-shard-0'}
2021-04-21 10:50:38.932  INFO 6384 --- [cluster-ClusterId{value='607fb626966300481196b10c', description='null'}-srv-test.jz6qs.mongodb.net] org.mongodb.driver.cluster               : Adding discovered server test-shard-00-01.jz6qs.mongodb.net:27017 to client view of cluster
2021-04-21 10:50:38.997  INFO 6384 --- [cluster-ClusterId{value='607fb626966300481196b10c', description='null'}-srv-test.jz6qs.mongodb.net] org.mongodb.driver.cluster               : Adding discovered server test-shard-00-02.jz6qs.mongodb.net:27017 to client view of cluster
2021-04-21 10:50:39.000  INFO 6384 --- [cluster-ClusterId{value='607fb626966300481196b10c', description='null'}-srv-test.jz6qs.mongodb.net] org.mongodb.driver.cluster               : Adding discovered server test-shard-00-00.jz6qs.mongodb.net:27017 to client view of cluster
2021-04-21 10:50:39.701  WARN 6384 --- [main] o.s.data.convert.CustomConversions       : Registering converter from class java.time.LocalDateTime to class org.joda.time.LocalDateTime as reading converter although it doesn't convert from a store-supported type! You might want to check your annotation setup at the converter implementation.
2021-04-21 10:50:40.467  WARN 6384 --- [main] o.s.data.convert.CustomConversions       : Registering converter from class java.time.LocalDateTime to class org.joda.time.LocalDateTime as reading converter although it doesn't convert from a store-supported type! You might want to check your annotation setup at the converter implementation.
2021-04-21 10:50:41.457  INFO 6384 --- [cluster-ClusterId{value='607fb626966300481196b10c', description='null'}-test-shard-00-02.jz6qs.mongodb.net:27017] org.mongodb.driver.connection            : Opened connection [connectionId{localValue:6, serverValue:97599}] to test-shard-00-02.jz6qs.mongodb.net:27017
2021-04-21 10:50:41.457  INFO 6384 --- [cluster-rtt-ClusterId{value='607fb626966300481196b10c', description='null'}-test-shard-00-00.jz6qs.mongodb.net:27017] org.mongodb.driver.connection            : Opened connection [connectionId{localValue:2, serverValue:99571}] to test-shard-00-00.jz6qs.mongodb.net:27017
2021-04-21 10:50:41.457  INFO 6384 --- [cluster-rtt-ClusterId{value='607fb626966300481196b10c', description='null'}-test-shard-00-02.jz6qs.mongodb.net:27017] org.mongodb.driver.connection            : Opened connection [connectionId{localValue:4, serverValue:97599}] to test-shard-00-02.jz6qs.mongodb.net:27017
2021-04-21 10:50:41.457  INFO 6384 --- [cluster-rtt-ClusterId{value='607fb626966300481196b10c', description='null'}-test-shard-00-01.jz6qs.mongodb.net:27017] org.mongodb.driver.connection            : Opened connection [connectionId{localValue:1, serverValue:126005}] to test-shard-00-01.jz6qs.mongodb.net:27017
2021-04-21 10:50:41.459  INFO 6384 --- [cluster-ClusterId{value='607fb626966300481196b10c', description='null'}-test-shard-00-01.jz6qs.mongodb.net:27017] org.mongodb.driver.connection            : Opened connection [connectionId{localValue:3, serverValue:126005}] to test-shard-00-01.jz6qs.mongodb.net:27017
2021-04-21 10:50:41.457  INFO 6384 --- [cluster-ClusterId{value='607fb626966300481196b10c', description='null'}-test-shard-00-00.jz6qs.mongodb.net:27017] org.mongodb.driver.connection            : Opened connection [connectionId{localValue:5, serverValue:99571}] to test-shard-00-00.jz6qs.mongodb.net:27017
2021-04-21 10:50:41.460  INFO 6384 --- [cluster-ClusterId{value='607fb626966300481196b10c', description='null'}-test-shard-00-02.jz6qs.mongodb.net:27017] org.mongodb.driver.cluster               : Monitor thread successfully connected to server with description ServerDescription{address=test-shard-00-02.jz6qs.mongodb.net:27017, type=REPLICA_SET_SECONDARY, state=CONNECTED, ok=true, minWireVersion=0, maxWireVersion=9, maxDocumentSize=16777216, logicalSessionTimeoutMinutes=30, roundTripTimeNanos=1120597000, setName='atlas-6v8jze-shard-0', canonicalAddress=test-shard-00-02.jz6qs.mongodb.net:27017, hosts=[test-shard-00-02.jz6qs.mongodb.net:27017, test-shard-00-01.jz6qs.mongodb.net:27017, test-shard-00-00.jz6qs.mongodb.net:27017], passives=[], arbiters=[], primary='test-shard-00-01.jz6qs.mongodb.net:27017', tagSet=TagSet{[Tag{name='nodeType', value='ELECTABLE'}, Tag{name='provider', value='AWS'}, Tag{name='region', value='US_EAST_1'}, Tag{name='workloadType', value='OPERATIONAL'}]}, electionId=null, setVersion=2, topologyVersion=TopologyVersion{processId=607b17b632d45d4b945c7216, counter=4}, lastWriteDate=Wed Apr 21 10:50:40 IST 2021, lastUpdateTimeNanos=1620908000729200}
2021-04-21 10:50:41.463  INFO 6384 --- [cluster-ClusterId{value='607fb626966300481196b10c', description='null'}-test-shard-00-00.jz6qs.mongodb.net:27017] org.mongodb.driver.cluster               : Monitor thread successfully connected to server with description ServerDescription{address=test-shard-00-00.jz6qs.mongodb.net:27017, type=REPLICA_SET_SECONDARY, state=CONNECTED, ok=true, minWireVersion=0, maxWireVersion=9, maxDocumentSize=16777216, logicalSessionTimeoutMinutes=30, roundTripTimeNanos=1122404800, setName='atlas-6v8jze-shard-0', canonicalAddress=test-shard-00-00.jz6qs.mongodb.net:27017, hosts=[test-shard-00-02.jz6qs.mongodb.net:27017, test-shard-00-01.jz6qs.mongodb.net:27017, test-shard-00-00.jz6qs.mongodb.net:27017], passives=[], arbiters=[], primary='test-shard-00-01.jz6qs.mongodb.net:27017', tagSet=TagSet{[Tag{name='nodeType', value='ELECTABLE'}, Tag{name='provider', value='AWS'}, Tag{name='region', value='US_EAST_1'}, Tag{name='workloadType', value='OPERATIONAL'}]}, electionId=null, setVersion=2, topologyVersion=TopologyVersion{processId=607b152a17a193363ee7295d, counter=4}, lastWriteDate=Wed Apr 21 10:50:40 IST 2021, lastUpdateTimeNanos=1620908002311100}
2021-04-21 10:50:41.464  INFO 6384 --- [cluster-ClusterId{value='607fb626966300481196b10c', description='null'}-test-shard-00-01.jz6qs.mongodb.net:27017] org.mongodb.driver.cluster               : Monitor thread successfully connected to server with description ServerDescription{address=test-shard-00-01.jz6qs.mongodb.net:27017, type=REPLICA_SET_PRIMARY, state=CONNECTED, ok=true, minWireVersion=0, maxWireVersion=9, maxDocumentSize=16777216, logicalSessionTimeoutMinutes=30, roundTripTimeNanos=1124204200, setName='atlas-6v8jze-shard-0', canonicalAddress=test-shard-00-01.jz6qs.mongodb.net:27017, hosts=[test-shard-00-02.jz6qs.mongodb.net:27017, test-shard-00-01.jz6qs.mongodb.net:27017, test-shard-00-00.jz6qs.mongodb.net:27017], passives=[], arbiters=[], primary='test-shard-00-01.jz6qs.mongodb.net:27017', tagSet=TagSet{[Tag{name='nodeType', value='ELECTABLE'}, Tag{name='provider', value='AWS'}, Tag{name='region', value='US_EAST_1'}, Tag{name='workloadType', value='OPERATIONAL'}]}, electionId=7fffffff000000000000001b, setVersion=2, topologyVersion=TopologyVersion{processId=607b167c1ad03a188bfe419d, counter=6}, lastWriteDate=Wed Apr 21 10:50:40 IST 2021, lastUpdateTimeNanos=1620908000729100}
2021-04-21 10:50:41.468  INFO 6384 --- [cluster-ClusterId{value='607fb626966300481196b10c', description='null'}-test-shard-00-01.jz6qs.mongodb.net:27017] org.mongodb.driver.cluster               : Setting max election id to 7fffffff000000000000001b from replica set primary test-shard-00-01.jz6qs.mongodb.net:27017
2021-04-21 10:50:41.469  INFO 6384 --- [cluster-ClusterId{value='607fb626966300481196b10c', description='null'}-test-shard-00-01.jz6qs.mongodb.net:27017] org.mongodb.driver.cluster               : Setting max set version to 2 from replica set primary test-shard-00-01.jz6qs.mongodb.net:27017
2021-04-21 10:50:41.470  INFO 6384 --- [cluster-ClusterId{value='607fb626966300481196b10c', description='null'}-test-shard-00-01.jz6qs.mongodb.net:27017] org.mongodb.driver.cluster               : Discovered replica set primary test-shard-00-01.jz6qs.mongodb.net:27017
2021-04-21 10:50:42.497  INFO 6384 --- [main] o.s.s.concurrent.ThreadPoolTaskExecutor  : Initializing ExecutorService 'applicationTaskExecutor'
2021-04-21 10:50:43.097  WARN 6384 --- [main] ion$DefaultTemplateResolverConfiguration : Cannot find template location: classpath:/templates/ (please add some templates or check your Thymeleaf configuration)
2021-04-21 10:50:44.060  INFO 6384 --- [main] DiscoveryClientOptionalArgsConfiguration : Eureka HTTP Client uses RestTemplate.
2021-04-21 10:50:44.828  WARN 6384 --- [main] iguration$LoadBalancerCaffeineWarnLogger : Spring Cloud LoadBalancer is currently working with the default cache. You can switch to using Caffeine cache, by adding it and org.springframework.cache.caffeine.CaffeineCacheManager to the classpath.
2021-04-21 10:50:44.976  INFO 6384 --- [main] o.s.c.n.eureka.InstanceInfoFactory       : Setting initial instance status as: STARTING
2021-04-21 10:50:45.774  INFO 6384 --- [main] com.netflix.discovery.DiscoveryClient    : Initializing Eureka in region us-east-1
2021-04-21 10:50:45.823  INFO 6384 --- [main] c.n.d.s.r.aws.ConfigClusterResolver      : Resolving eureka endpoints via configuration
2021-04-21 10:50:46.255  INFO 6384 --- [main] com.netflix.discovery.DiscoveryClient    : Disable delta property : false
2021-04-21 10:50:46.257  INFO 6384 --- [main] com.netflix.discovery.DiscoveryClient    : Single vip registry refresh property : null
2021-04-21 10:50:46.259  INFO 6384 --- [main] com.netflix.discovery.DiscoveryClient    : Force full registry fetch : false
2021-04-21 10:50:46.261  INFO 6384 --- [main] com.netflix.discovery.DiscoveryClient    : Application is null : false
2021-04-21 10:50:46.262  INFO 6384 --- [main] com.netflix.discovery.DiscoveryClient    : Registered Applications size is zero : true
2021-04-21 10:50:46.266  INFO 6384 --- [main] com.netflix.discovery.DiscoveryClient    : Application version is -1: true
2021-04-21 10:50:46.267  INFO 6384 --- [main] com.netflix.discovery.DiscoveryClient    : Getting all instance registry info from the eureka server
2021-04-21 10:50:48.319  INFO 6384 --- [main] com.netflix.discovery.DiscoveryClient    : The response status is 200
2021-04-21 10:50:48.330  INFO 6384 --- [main] com.netflix.discovery.DiscoveryClient    : Starting heartbeat executor: renew interval is: 30
2021-04-21 10:50:48.341  INFO 6384 --- [main] c.n.discovery.InstanceInfoReplicator     : InstanceInfoReplicator onDemand update allowed rate per min is 4
2021-04-21 10:50:48.362  INFO 6384 --- [main] com.netflix.discovery.DiscoveryClient    : Discovery Client initialized at timestamp 1618982448360 with initial instances count: 1
2021-04-21 10:50:48.364  INFO 6384 --- [main] o.s.c.n.e.s.EurekaServiceRegistry        : Registering application STAFF-MANAGEMENT with eureka with status UP
2021-04-21 10:50:48.365  INFO 6384 --- [main] com.netflix.discovery.DiscoveryClient    : Saw local status change event StatusChangeEvent [timestamp=1618982448365, current=UP, previous=STARTING]
2021-04-21 10:50:48.368  INFO 6384 --- [DiscoveryClient-InstanceInfoReplicator-0] com.netflix.discovery.DiscoveryClient    : DiscoveryClient_STAFF-MANAGEMENT/DESKTOP-GM8H9CQ:staff-management:3333: registering service...
2021-04-21 10:50:48.463  INFO 6384 --- [main] o.s.b.w.embedded.tomcat.TomcatWebServer  : Tomcat started on port(s): 3333 (http) with context path ''
2021-04-21 10:50:48.465  INFO 6384 --- [main] .s.c.n.e.s.EurekaAutoServiceRegistration : Updating port to 3333
2021-04-21 10:50:48.516  INFO 6384 --- [DiscoveryClient-InstanceInfoReplicator-0] com.netflix.discovery.DiscoveryClient    : DiscoveryClient_STAFF-MANAGEMENT/DESKTOP-GM8H9CQ:staff-management:3333 - registration status: 204
2021-04-21 10:50:48.858  INFO 6384 --- [main] c.g.s.StaffManagementApplication         : Started StaffManagementApplication in 19.237 seconds (JVM running for 23.432)
2021-04-21 10:50:48.899  INFO 6384 --- [main] c.g.s.StaffManagementApplication         : Spring boot application running!
2021-04-21 10:54:18.771  INFO 6384 --- [http-nio-3333-exec-1] o.a.c.c.C.[Tomcat].[localhost].[/]       : Initializing Spring DispatcherServlet 'dispatcherServlet'
2021-04-21 10:54:18.772  INFO 6384 --- [http-nio-3333-exec-1] o.s.web.servlet.DispatcherServlet        : Initializing Servlet 'dispatcherServlet'
2021-04-21 10:54:18.775  INFO 6384 --- [http-nio-3333-exec-1] o.s.web.servlet.DispatcherServlet        : Completed initialization in 2 ms
2021-04-21 10:54:21.170  INFO 6384 --- [http-nio-3333-exec-1] org.mongodb.driver.connection            : Opened connection [connectionId{localValue:7, serverValue:126509}] to test-shard-00-01.jz6qs.mongodb.net:27017
2021-04-21 10:55:46.276  INFO 6384 --- [AsyncResolver-bootstrap-executor-0] c.n.d.s.r.aws.ConfigClusterResolver      : Resolving eureka endpoints via configuration
2021-04-21 11:00:46.280  INFO 6384 --- [AsyncResolver-bootstrap-executor-0] c.n.d.s.r.aws.ConfigClusterResolver      : Resolving eureka endpoints via configuration
2021-04-21 11:05:46.282  INFO 6384 --- [AsyncResolver-bootstrap-executor-0] c.n.d.s.r.aws.ConfigClusterResolver      : Resolving eureka endpoints via configuration
2021-04-21 11:10:46.286  INFO 6384 --- [AsyncResolver-bootstrap-executor-0] c.n.d.s.r.aws.ConfigClusterResolver      : Resolving eureka endpoints via configuration
2021-04-21 11:15:46.344  INFO 6384 --- [AsyncResolver-bootstrap-executor-0] c.n.d.s.r.aws.ConfigClusterResolver      : Resolving eureka endpoints via configuration
2021-04-21 11:20:46.347  INFO 6384 --- [AsyncResolver-bootstrap-executor-0] c.n.d.s.r.aws.ConfigClusterResolver      : Resolving eureka endpoints via configuration
2021-04-21 11:25:46.351  INFO 6384 --- [AsyncResolver-bootstrap-executor-0] c.n.d.s.r.aws.ConfigClusterResolver      : Resolving eureka endpoints via configuration
2021-04-21 11:30:46.353  INFO 6384 --- [AsyncResolver-bootstrap-executor-0] c.n.d.s.r.aws.ConfigClusterResolver      : Resolving eureka endpoints via configuration
2021-04-21 11:35:46.356  INFO 6384 --- [AsyncResolver-bootstrap-executor-0] c.n.d.s.r.aws.ConfigClusterResolver      : Resolving eureka endpoints via configuration
2021-04-21 11:38:48.736  INFO 6384 --- [RMI TCP Connection(67)-127.0.0.1] inMXBeanRegistrar$SpringApplicationAdmin : Application shutdown requested.
2021-04-21 11:38:48.736  INFO 6384 --- [RMI TCP Connection(68)-127.0.0.1] inMXBeanRegistrar$SpringApplicationAdmin : Application shutdown requested.
2021-04-21 11:38:48.891  INFO 6384 --- [RMI TCP Connection(67)-127.0.0.1] o.s.c.n.e.s.EurekaServiceRegistry        : Unregistering application STAFF-MANAGEMENT with eureka with status DOWN
2021-04-21 11:38:48.892  INFO 6384 --- [RMI TCP Connection(67)-127.0.0.1] com.netflix.discovery.DiscoveryClient    : Saw local status change event StatusChangeEvent [timestamp=1618985328892, current=DOWN, previous=UP]
2021-04-21 11:38:48.894  INFO 6384 --- [DiscoveryClient-InstanceInfoReplicator-0] com.netflix.discovery.DiscoveryClient    : DiscoveryClient_STAFF-MANAGEMENT/DESKTOP-GM8H9CQ:staff-management:3333: registering service...
2021-04-21 11:38:48.968  INFO 6384 --- [DiscoveryClient-InstanceInfoReplicator-0] com.netflix.discovery.DiscoveryClient    : DiscoveryClient_STAFF-MANAGEMENT/DESKTOP-GM8H9CQ:staff-management:3333 - registration status: 204
2021-04-21 11:38:51.963  INFO 6384 --- [RMI TCP Connection(67)-127.0.0.1] o.s.s.concurrent.ThreadPoolTaskExecutor  : Shutting down ExecutorService 'applicationTaskExecutor'
2021-04-21 11:38:52.479  INFO 6384 --- [RMI TCP Connection(67)-127.0.0.1] org.mongodb.driver.connection            : Closed connection [connectionId{localValue:7, serverValue:126509}] to test-shard-00-01.jz6qs.mongodb.net:27017 because the pool has been closed.
2021-04-21 11:38:53.516  INFO 6384 --- [RMI TCP Connection(67)-127.0.0.1] com.netflix.discovery.DiscoveryClient    : Shutting down DiscoveryClient ...
